
{"/Users/fatimatuzzehra/Desktop/nust-polls-backend/app.js": {"path":"/Users/fatimatuzzehra/Desktop/nust-polls-backend/app.js","statementMap":{"0":{"start":{"line":16,"column":0},"end":{"line":16,"column":32}},"1":{"start":{"line":17,"column":12},"end":{"line":17,"column":21}},"2":{"start":{"line":18,"column":0},"end":{"line":18,"column":24}},"3":{"start":{"line":19,"column":0},"end":{"line":23,"column":2}},"4":{"start":{"line":24,"column":0},"end":{"line":24,"column":24}},"5":{"start":{"line":25,"column":0},"end":{"line":25,"column":31}},"6":{"start":{"line":29,"column":0},"end":{"line":33,"column":3}},"7":{"start":{"line":30,"column":2},"end":{"line":32,"column":4}},"8":{"start":{"line":35,"column":0},"end":{"line":50,"column":2}},"9":{"start":{"line":37,"column":4},"end":{"line":48,"column":7}},"10":{"start":{"line":38,"column":6},"end":{"line":40,"column":7}},"11":{"start":{"line":39,"column":8},"end":{"line":39,"column":58}},"12":{"start":{"line":41,"column":6},"end":{"line":43,"column":7}},"13":{"start":{"line":42,"column":8},"end":{"line":42,"column":69}},"14":{"start":{"line":44,"column":6},"end":{"line":46,"column":7}},"15":{"start":{"line":45,"column":8},"end":{"line":45,"column":68}},"16":{"start":{"line":47,"column":6},"end":{"line":47,"column":63}},"17":{"start":{"line":137,"column":0},"end":{"line":137,"column":29}},"18":{"start":{"line":138,"column":0},"end":{"line":138,"column":24}},"19":{"start":{"line":142,"column":13},"end":{"line":142,"column":37}},"20":{"start":{"line":143,"column":15},"end":{"line":145,"column":2}},"21":{"start":{"line":144,"column":2},"end":{"line":144,"column":48}},"22":{"start":{"line":147,"column":0},"end":{"line":147,"column":18}},"23":{"start":{"line":154,"column":0},"end":{"line":159,"column":3}},"24":{"start":{"line":155,"column":2},"end":{"line":155,"column":37}},"25":{"start":{"line":156,"column":2},"end":{"line":158,"column":5}},"26":{"start":{"line":157,"column":4},"end":{"line":157,"column":20}}},"fnMap":{"0":{"name":"(anonymous_0)","decl":{"start":{"line":29,"column":50},"end":{"line":29,"column":51}},"loc":{"start":{"line":29,"column":66},"end":{"line":33,"column":1}},"line":29},"1":{"name":"(anonymous_1)","decl":{"start":{"line":36,"column":20},"end":{"line":36,"column":21}},"loc":{"start":{"line":36,"column":50},"end":{"line":49,"column":3}},"line":36},"2":{"name":"(anonymous_2)","decl":{"start":{"line":37,"column":41},"end":{"line":37,"column":42}},"loc":{"start":{"line":37,"column":56},"end":{"line":48,"column":5}},"line":37},"3":{"name":"(anonymous_3)","decl":{"start":{"line":143,"column":32},"end":{"line":143,"column":33}},"loc":{"start":{"line":143,"column":38},"end":{"line":145,"column":1}},"line":143},"4":{"name":"(anonymous_4)","decl":{"start":{"line":154,"column":33},"end":{"line":154,"column":34}},"loc":{"start":{"line":154,"column":51},"end":{"line":159,"column":1}},"line":154},"5":{"name":"(anonymous_5)","decl":{"start":{"line":156,"column":15},"end":{"line":156,"column":16}},"loc":{"start":{"line":156,"column":21},"end":{"line":158,"column":3}},"line":156}},"branchMap":{"0":{"loc":{"start":{"line":38,"column":6},"end":{"line":40,"column":7}},"type":"if","locations":[{"start":{"line":38,"column":6},"end":{"line":40,"column":7}},{"start":{},"end":{}}],"line":38},"1":{"loc":{"start":{"line":41,"column":6},"end":{"line":43,"column":7}},"type":"if","locations":[{"start":{"line":41,"column":6},"end":{"line":43,"column":7}},{"start":{},"end":{}}],"line":41},"2":{"loc":{"start":{"line":44,"column":6},"end":{"line":46,"column":7}},"type":"if","locations":[{"start":{"line":44,"column":6},"end":{"line":46,"column":7}},{"start":{},"end":{}}],"line":44},"3":{"loc":{"start":{"line":142,"column":13},"end":{"line":142,"column":37}},"type":"binary-expr","locations":[{"start":{"line":142,"column":13},"end":{"line":142,"column":29}},{"start":{"line":142,"column":33},"end":{"line":142,"column":37}}],"line":142}},"s":{"0":1,"1":1,"2":1,"3":1,"4":1,"5":1,"6":1,"7":1,"8":1,"9":0,"10":0,"11":0,"12":0,"13":0,"14":0,"15":0,"16":0,"17":1,"18":1,"19":1,"20":1,"21":1,"22":1,"23":1,"24":0,"25":0,"26":0},"f":{"0":1,"1":0,"2":0,"3":1,"4":0,"5":0},"b":{"0":[0,0],"1":[0,0],"2":[0,0],"3":[1,0]},"_coverageSchema":"1a1c01bbd47fc00a2c39e90264f33305004495a9","hash":"e01b44183758df760f877d477209191322a1aacc"}
,"/Users/fatimatuzzehra/Desktop/nust-polls-backend/controllers/polls.js": {"path":"/Users/fatimatuzzehra/Desktop/nust-polls-backend/controllers/polls.js","statementMap":{"0":{"start":{"line":5,"column":17},"end":{"line":24,"column":1}},"1":{"start":{"line":6,"column":17},"end":{"line":6,"column":40}},"2":{"start":{"line":8,"column":2},"end":{"line":23,"column":3}},"3":{"start":{"line":10,"column":16},"end":{"line":10,"column":60}},"4":{"start":{"line":11,"column":4},"end":{"line":11,"column":22}},"5":{"start":{"line":12,"column":4},"end":{"line":14,"column":5}},"6":{"start":{"line":13,"column":6},"end":{"line":13,"column":17}},"7":{"start":{"line":15,"column":16},"end":{"line":15,"column":80}},"8":{"start":{"line":16,"column":4},"end":{"line":16,"column":25}},"9":{"start":{"line":20,"column":4},"end":{"line":20,"column":24}},"10":{"start":{"line":21,"column":4},"end":{"line":21,"column":37}},"11":{"start":{"line":26,"column":17},"end":{"line":34,"column":1}},"12":{"start":{"line":27,"column":2},"end":{"line":33,"column":3}},"13":{"start":{"line":28,"column":4},"end":{"line":28,"column":30}},"14":{"start":{"line":29,"column":4},"end":{"line":29,"column":66}},"15":{"start":{"line":30,"column":4},"end":{"line":30,"column":26}},"16":{"start":{"line":32,"column":4},"end":{"line":32,"column":37}},"17":{"start":{"line":36,"column":19},"end":{"line":47,"column":1}},"18":{"start":{"line":37,"column":17},"end":{"line":37,"column":40}},"19":{"start":{"line":38,"column":2},"end":{"line":44,"column":5}},"20":{"start":{"line":46,"column":2},"end":{"line":46,"column":24}}},"fnMap":{"0":{"name":"(anonymous_0)","decl":{"start":{"line":5,"column":17},"end":{"line":5,"column":18}},"loc":{"start":{"line":5,"column":46},"end":{"line":24,"column":1}},"line":5},"1":{"name":"(anonymous_1)","decl":{"start":{"line":26,"column":17},"end":{"line":26,"column":18}},"loc":{"start":{"line":26,"column":46},"end":{"line":34,"column":1}},"line":26},"2":{"name":"(anonymous_2)","decl":{"start":{"line":36,"column":19},"end":{"line":36,"column":20}},"loc":{"start":{"line":36,"column":48},"end":{"line":47,"column":1}},"line":36}},"branchMap":{"0":{"loc":{"start":{"line":12,"column":4},"end":{"line":14,"column":5}},"type":"if","locations":[{"start":{"line":12,"column":4},"end":{"line":14,"column":5}},{"start":{},"end":{}}],"line":12}},"s":{"0":1,"1":3,"2":3,"3":3,"4":2,"5":2,"6":1,"7":1,"8":1,"9":2,"10":2,"11":1,"12":1,"13":1,"14":1,"15":1,"16":0,"17":1,"18":0,"19":0,"20":0},"f":{"0":3,"1":1,"2":0},"b":{"0":[1,1]},"_coverageSchema":"1a1c01bbd47fc00a2c39e90264f33305004495a9","hash":"ad9c1c790836c368ca24ad3e360d125a578160fd"}
,"/Users/fatimatuzzehra/Desktop/nust-polls-backend/controllers/users.js": {"path":"/Users/fatimatuzzehra/Desktop/nust-polls-backend/controllers/users.js","statementMap":{"0":{"start":{"line":11,"column":18},"end":{"line":64,"column":1}},"1":{"start":{"line":12,"column":2},"end":{"line":63,"column":20}},"2":{"start":{"line":16,"column":6},"end":{"line":61,"column":7}},"3":{"start":{"line":17,"column":8},"end":{"line":17,"column":72}},"4":{"start":{"line":19,"column":39},"end":{"line":19,"column":54}},"5":{"start":{"line":20,"column":22},"end":{"line":20,"column":65}},"6":{"start":{"line":21,"column":23},"end":{"line":26,"column":9}},"7":{"start":{"line":27,"column":8},"end":{"line":60,"column":9}},"8":{"start":{"line":28,"column":10},"end":{"line":40,"column":11}},"9":{"start":{"line":29,"column":26},"end":{"line":31,"column":21}},"10":{"start":{"line":32,"column":12},"end":{"line":36,"column":17}},"11":{"start":{"line":33,"column":14},"end":{"line":36,"column":17}},"12":{"start":{"line":37,"column":12},"end":{"line":37,"column":63}},"13":{"start":{"line":39,"column":12},"end":{"line":39,"column":75}},"14":{"start":{"line":41,"column":15},"end":{"line":60,"column":9}},"15":{"start":{"line":42,"column":10},"end":{"line":54,"column":11}},"16":{"start":{"line":43,"column":28},"end":{"line":45,"column":21}},"17":{"start":{"line":46,"column":12},"end":{"line":50,"column":17}},"18":{"start":{"line":47,"column":14},"end":{"line":50,"column":17}},"19":{"start":{"line":51,"column":12},"end":{"line":51,"column":65}},"20":{"start":{"line":53,"column":12},"end":{"line":53,"column":75}},"21":{"start":{"line":56,"column":10},"end":{"line":59,"column":13}},"22":{"start":{"line":68,"column":23},"end":{"line":103,"column":1}},"23":{"start":{"line":69,"column":2},"end":{"line":102,"column":3}},"24":{"start":{"line":70,"column":22},"end":{"line":70,"column":30}},"25":{"start":{"line":71,"column":17},"end":{"line":71,"column":46}},"26":{"start":{"line":72,"column":4},"end":{"line":76,"column":9}},"27":{"start":{"line":73,"column":6},"end":{"line":76,"column":9}},"28":{"start":{"line":77,"column":23},"end":{"line":77,"column":51}},"29":{"start":{"line":78,"column":4},"end":{"line":78,"column":22}},"30":{"start":{"line":79,"column":21},"end":{"line":79,"column":83}},"31":{"start":{"line":80,"column":20},"end":{"line":80,"column":173}},"32":{"start":{"line":81,"column":4},"end":{"line":99,"column":5}},"33":{"start":{"line":82,"column":6},"end":{"line":86,"column":9}},"34":{"start":{"line":87,"column":6},"end":{"line":90,"column":9}},"35":{"start":{"line":92,"column":6},"end":{"line":92,"column":42}},"36":{"start":{"line":93,"column":6},"end":{"line":93,"column":43}},"37":{"start":{"line":94,"column":6},"end":{"line":94,"column":24}},"38":{"start":{"line":95,"column":6},"end":{"line":98,"column":9}},"39":{"start":{"line":101,"column":4},"end":{"line":101,"column":67}},"40":{"start":{"line":107,"column":22},"end":{"line":135,"column":1}},"41":{"start":{"line":108,"column":29},"end":{"line":111,"column":18}},"42":{"start":{"line":112,"column":2},"end":{"line":134,"column":3}},"43":{"start":{"line":113,"column":17},"end":{"line":116,"column":6}},"44":{"start":{"line":117,"column":4},"end":{"line":117,"column":38}},"45":{"start":{"line":118,"column":4},"end":{"line":118,"column":40}},"46":{"start":{"line":119,"column":4},"end":{"line":119,"column":41}},"47":{"start":{"line":120,"column":4},"end":{"line":128,"column":5}},"48":{"start":{"line":121,"column":6},"end":{"line":121,"column":24}},"49":{"start":{"line":122,"column":6},"end":{"line":125,"column":9}},"50":{"start":{"line":127,"column":6},"end":{"line":127,"column":69}},"51":{"start":{"line":130,"column":4},"end":{"line":133,"column":7}}},"fnMap":{"0":{"name":"(anonymous_0)","decl":{"start":{"line":11,"column":18},"end":{"line":11,"column":19}},"loc":{"start":{"line":11,"column":38},"end":{"line":64,"column":1}},"line":11},"1":{"name":"(anonymous_1)","decl":{"start":{"line":15,"column":4},"end":{"line":15,"column":5}},"loc":{"start":{"line":15,"column":31},"end":{"line":62,"column":5}},"line":15},"2":{"name":"(anonymous_2)","decl":{"start":{"line":68,"column":23},"end":{"line":68,"column":24}},"loc":{"start":{"line":68,"column":43},"end":{"line":103,"column":1}},"line":68},"3":{"name":"(anonymous_3)","decl":{"start":{"line":107,"column":22},"end":{"line":107,"column":23}},"loc":{"start":{"line":107,"column":42},"end":{"line":135,"column":1}},"line":107}},"branchMap":{"0":{"loc":{"start":{"line":16,"column":6},"end":{"line":61,"column":7}},"type":"if","locations":[{"start":{"line":16,"column":6},"end":{"line":61,"column":7}},{"start":{"line":18,"column":13},"end":{"line":61,"column":7}}],"line":16},"1":{"loc":{"start":{"line":16,"column":10},"end":{"line":16,"column":22}},"type":"binary-expr","locations":[{"start":{"line":16,"column":10},"end":{"line":16,"column":13}},{"start":{"line":16,"column":17},"end":{"line":16,"column":22}}],"line":16},"2":{"loc":{"start":{"line":27,"column":8},"end":{"line":60,"column":9}},"type":"if","locations":[{"start":{"line":27,"column":8},"end":{"line":60,"column":9}},{"start":{"line":41,"column":15},"end":{"line":60,"column":9}}],"line":27},"3":{"loc":{"start":{"line":32,"column":12},"end":{"line":36,"column":17}},"type":"if","locations":[{"start":{"line":32,"column":12},"end":{"line":36,"column":17}},{"start":{},"end":{}}],"line":32},"4":{"loc":{"start":{"line":41,"column":15},"end":{"line":60,"column":9}},"type":"if","locations":[{"start":{"line":41,"column":15},"end":{"line":60,"column":9}},{"start":{"line":55,"column":15},"end":{"line":60,"column":9}}],"line":41},"5":{"loc":{"start":{"line":46,"column":12},"end":{"line":50,"column":17}},"type":"if","locations":[{"start":{"line":46,"column":12},"end":{"line":50,"column":17}},{"start":{},"end":{}}],"line":46},"6":{"loc":{"start":{"line":72,"column":4},"end":{"line":76,"column":9}},"type":"if","locations":[{"start":{"line":72,"column":4},"end":{"line":76,"column":9}},{"start":{},"end":{}}],"line":72}},"s":{"0":1,"1":0,"2":0,"3":0,"4":0,"5":0,"6":0,"7":0,"8":0,"9":0,"10":0,"11":0,"12":0,"13":0,"14":0,"15":0,"16":0,"17":0,"18":0,"19":0,"20":0,"21":0,"22":1,"23":0,"24":0,"25":0,"26":0,"27":0,"28":0,"29":0,"30":0,"31":0,"32":0,"33":0,"34":0,"35":0,"36":0,"37":0,"38":0,"39":0,"40":1,"41":0,"42":0,"43":0,"44":0,"45":0,"46":0,"47":0,"48":0,"49":0,"50":0,"51":0},"f":{"0":0,"1":0,"2":0,"3":0},"b":{"0":[0,0],"1":[0,0],"2":[0,0],"3":[0,0],"4":[0,0],"5":[0,0],"6":[0,0]},"_coverageSchema":"1a1c01bbd47fc00a2c39e90264f33305004495a9","hash":"f7451d602ec0725ed05ceab4b21ca323992ba757"}
,"/Users/fatimatuzzehra/Desktop/nust-polls-backend/models/admin.js": {"path":"/Users/fatimatuzzehra/Desktop/nust-polls-backend/models/admin.js","statementMap":{"0":{"start":{"line":3,"column":20},"end":{"line":12,"column":2}}},"fnMap":{},"branchMap":{},"s":{"0":1},"f":{},"b":{},"_coverageSchema":"1a1c01bbd47fc00a2c39e90264f33305004495a9","hash":"f581ec788a668285802cc9032a143ef8b582d5a5"}
,"/Users/fatimatuzzehra/Desktop/nust-polls-backend/models/poll.js": {"path":"/Users/fatimatuzzehra/Desktop/nust-polls-backend/models/poll.js","statementMap":{"0":{"start":{"line":3,"column":19},"end":{"line":24,"column":2}},"1":{"start":{"line":26,"column":13},"end":{"line":26,"column":47}}},"fnMap":{},"branchMap":{},"s":{"0":1,"1":1},"f":{},"b":{},"_coverageSchema":"1a1c01bbd47fc00a2c39e90264f33305004495a9","hash":"528e50ea76385612b378c93265b33767b78327a8"}
,"/Users/fatimatuzzehra/Desktop/nust-polls-backend/models/student.js": {"path":"/Users/fatimatuzzehra/Desktop/nust-polls-backend/models/student.js","statementMap":{"0":{"start":{"line":3,"column":22},"end":{"line":58,"column":2}},"1":{"start":{"line":60,"column":0},"end":{"line":76,"column":3}},"2":{"start":{"line":61,"column":2},"end":{"line":63,"column":3}},"3":{"start":{"line":62,"column":4},"end":{"line":62,"column":69}},"4":{"start":{"line":64,"column":2},"end":{"line":74,"column":3}},"5":{"start":{"line":69,"column":4},"end":{"line":73,"column":6}},"6":{"start":{"line":75,"column":2},"end":{"line":75,"column":9}}},"fnMap":{"0":{"name":"(anonymous_0)","decl":{"start":{"line":60,"column":26},"end":{"line":60,"column":27}},"loc":{"start":{"line":60,"column":42},"end":{"line":76,"column":1}},"line":60}},"branchMap":{"0":{"loc":{"start":{"line":61,"column":2},"end":{"line":63,"column":3}},"type":"if","locations":[{"start":{"line":61,"column":2},"end":{"line":63,"column":3}},{"start":{},"end":{}}],"line":61},"1":{"loc":{"start":{"line":61,"column":6},"end":{"line":61,"column":50}},"type":"binary-expr","locations":[{"start":{"line":61,"column":6},"end":{"line":61,"column":34}},{"start":{"line":61,"column":38},"end":{"line":61,"column":50}}],"line":61},"2":{"loc":{"start":{"line":64,"column":2},"end":{"line":74,"column":3}},"type":"if","locations":[{"start":{"line":64,"column":2},"end":{"line":74,"column":3}},{"start":{},"end":{}}],"line":64},"3":{"loc":{"start":{"line":65,"column":4},"end":{"line":67,"column":25}},"type":"binary-expr","locations":[{"start":{"line":65,"column":4},"end":{"line":65,"column":32}},{"start":{"line":66,"column":4},"end":{"line":66,"column":30}},{"start":{"line":67,"column":4},"end":{"line":67,"column":25}}],"line":65}},"s":{"0":1,"1":1,"2":0,"3":0,"4":0,"5":0,"6":0},"f":{"0":0},"b":{"0":[0,0],"1":[0,0],"2":[0,0],"3":[0,0,0]},"_coverageSchema":"1a1c01bbd47fc00a2c39e90264f33305004495a9","hash":"7dcca27b88d585e17049deb6ef62550fade5b54d"}
,"/Users/fatimatuzzehra/Desktop/nust-polls-backend/models/user.js": {"path":"/Users/fatimatuzzehra/Desktop/nust-polls-backend/models/user.js","statementMap":{"0":{"start":{"line":5,"column":19},"end":{"line":38,"column":2}},"1":{"start":{"line":40,"column":0},"end":{"line":43,"column":3}},"2":{"start":{"line":41,"column":2},"end":{"line":41,"column":53}},"3":{"start":{"line":42,"column":2},"end":{"line":42,"column":9}},"4":{"start":{"line":45,"column":0},"end":{"line":53,"column":2}},"5":{"start":{"line":46,"column":21},"end":{"line":46,"column":59}},"6":{"start":{"line":47,"column":2},"end":{"line":50,"column":19}},"7":{"start":{"line":51,"column":2},"end":{"line":51,"column":59}},"8":{"start":{"line":52,"column":2},"end":{"line":52,"column":20}},"9":{"start":{"line":55,"column":0},"end":{"line":57,"column":2}},"10":{"start":{"line":56,"column":2},"end":{"line":56,"column":46}}},"fnMap":{"0":{"name":"(anonymous_0)","decl":{"start":{"line":40,"column":23},"end":{"line":40,"column":24}},"loc":{"start":{"line":40,"column":39},"end":{"line":43,"column":1}},"line":40},"1":{"name":"(anonymous_1)","decl":{"start":{"line":45,"column":43},"end":{"line":45,"column":44}},"loc":{"start":{"line":45,"column":55},"end":{"line":53,"column":1}},"line":45},"2":{"name":"(anonymous_2)","decl":{"start":{"line":55,"column":35},"end":{"line":55,"column":36}},"loc":{"start":{"line":55,"column":63},"end":{"line":57,"column":1}},"line":55}},"branchMap":{},"s":{"0":1,"1":1,"2":0,"3":0,"4":1,"5":0,"6":0,"7":0,"8":0,"9":1,"10":0},"f":{"0":0,"1":0,"2":0},"b":{},"_coverageSchema":"1a1c01bbd47fc00a2c39e90264f33305004495a9","hash":"313d905b58d7a3f98c9d3d37c37401fa997399fb"}
,"/Users/fatimatuzzehra/Desktop/nust-polls-backend/routes/polls.js": {"path":"/Users/fatimatuzzehra/Desktop/nust-polls-backend/routes/polls.js","statementMap":{"0":{"start":{"line":4,"column":19},"end":{"line":4,"column":56}},"1":{"start":{"line":6,"column":0},"end":{"line":6,"column":44}},"2":{"start":{"line":8,"column":0},"end":{"line":8,"column":45}},"3":{"start":{"line":10,"column":0},"end":{"line":10,"column":45}}},"fnMap":{},"branchMap":{},"s":{"0":1,"1":1,"2":1,"3":1},"f":{},"b":{},"_coverageSchema":"1a1c01bbd47fc00a2c39e90264f33305004495a9","hash":"51beacdad5c79753d89d47a603c4d62aa4d61d1b"}

,"/Users/fatimatuzzehra/Desktop/nust-polls-backend/routes/users.js": {"path":"/Users/fatimatuzzehra/Desktop/nust-polls-backend/routes/users.js","statementMap":{"0":{"start":{"line":11,"column":15},"end":{"line":11,"column":52}},"1":{"start":{"line":19,"column":0},"end":{"line":19,"column":33}},"2":{"start":{"line":27,"column":0},"end":{"line":27,"column":47}},"3":{"start":{"line":35,"column":0},"end":{"line":35,"column":56}}},"fnMap":{},"branchMap":{},"s":{"0":1,"1":1,"2":1,"3":1},"f":{},"b":{},"_coverageSchema":"1a1c01bbd47fc00a2c39e90264f33305004495a9","hash":"5a170aa44c884538def045ecdccdd0d7d25b586b"}
,"/Users/fatimatuzzehra/Desktop/nust-polls-backend/utils/sendEmail.js": {"path":"/Users/fatimatuzzehra/Desktop/nust-polls-backend/utils/sendEmail.js","statementMap":{"0":{"start":{"line":3,"column":28},"end":{"line":3,"column":38}},"1":{"start":{"line":5,"column":18},"end":{"line":34,"column":1}},"2":{"start":{"line":6,"column":22},"end":{"line":13,"column":4}},"3":{"start":{"line":15,"column":22},"end":{"line":20,"column":3}},"4":{"start":{"line":22,"column":2},"end":{"line":33,"column":5}},"5":{"start":{"line":23,"column":4},"end":{"line":32,"column":5}},"6":{"start":{"line":24,"column":19},"end":{"line":24,"column":58}},"7":{"start":{"line":25,"column":6},"end":{"line":29,"column":7}},"8":{"start":{"line":26,"column":8},"end":{"line":26,"column":39}},"9":{"start":{"line":28,"column":8},"end":{"line":28,"column":58}},"10":{"start":{"line":31,"column":6},"end":{"line":31,"column":15}}},"fnMap":{"0":{"name":"(anonymous_0)","decl":{"start":{"line":5,"column":18},"end":{"line":5,"column":19}},"loc":{"start":{"line":5,"column":31},"end":{"line":34,"column":1}},"line":5},"1":{"name":"(anonymous_1)","decl":{"start":{"line":22,"column":21},"end":{"line":22,"column":22}},"loc":{"start":{"line":22,"column":41},"end":{"line":33,"column":3}},"line":22}},"branchMap":{"0":{"loc":{"start":{"line":25,"column":6},"end":{"line":29,"column":7}},"type":"if","locations":[{"start":{"line":25,"column":6},"end":{"line":29,"column":7}},{"start":{"line":27,"column":13},"end":{"line":29,"column":7}}],"line":25},"1":{"loc":{"start":{"line":25,"column":10},"end":{"line":25,"column":77}},"type":"binary-expr","locations":[{"start":{"line":25,"column":10},"end":{"line":25,"column":14}},{"start":{"line":25,"column":18},"end":{"line":25,"column":31}},{"start":{"line":25,"column":35},"end":{"line":25,"column":77}}],"line":25}},"s":{"0":1,"1":1,"2":0,"3":0,"4":0,"5":0,"6":0,"7":0,"8":0,"9":0,"10":0},"f":{"0":0,"1":0},"b":{"0":[0,0],"1":[0,0,0]},"_coverageSchema":"1a1c01bbd47fc00a2c39e90264f33305004495a9","hash":"2aa9f5c46e85e23fb490c789249a16bd2c2859eb"}
}
